INFO 2025-09-24 03:10:33,621 autoreload 24552 29372 Watching for file changes with StatReloader
INFO 2025-09-24 03:10:41,357 basehttp 24552 19760 "GET / HTTP/1.1" 200 20309
INFO 2025-09-24 03:10:43,609 basehttp 24552 19760 "GET /login/ HTTP/1.1" 200 12801
INFO 2025-09-24 03:10:43,653 basehttp 24552 19760 "GET /static/img/Screenshot%202025-07-16%20024301.png HTTP/1.1" 200 340934
INFO 2025-09-24 03:23:59,548 basehttp 24552 28600 "GET / HTTP/1.1" 200 20309
INFO 2025-09-24 03:24:01,689 basehttp 24552 2220 "GET /org_reg_1/ HTTP/1.1" 200 27692
INFO 2025-09-24 03:24:34,062 basehttp 24552 29116 "GET /registration_1/ HTTP/1.1" 200 26939
INFO 2025-09-24 03:24:34,101 basehttp 24552 29116 "GET /static/img/Screenshot%202025-07-16%20024301.png HTTP/1.1" 304 0
INFO 2025-09-24 03:38:10,634 basehttp 24552 11644 "GET /login/ HTTP/1.1" 200 12094
INFO 2025-09-24 03:38:10,669 basehttp 24552 11644 "GET /static/img/Screenshot%202025-07-16%20024301.png HTTP/1.1" 304 0
INFO 2025-09-24 03:38:18,504 basehttp 24552 12188 "POST /login/ HTTP/1.1" 302 0
INFO 2025-09-24 03:38:18,562 basehttp 24552 12188 "GET /dep_dash/ HTTP/1.1" 200 37875
INFO 2025-09-24 03:38:21,942 basehttp 24552 12188 "GET /dep_calendar/ HTTP/1.1" 200 29000
INFO 2025-09-24 03:38:22,125 basehttp 24552 12188 "GET /calendar/activities/ HTTP/1.1" 200 2
INFO 2025-09-24 03:38:32,059 basehttp 24552 21216 "POST /calendar/activities/add/ HTTP/1.1" 200 26
WARNING 2025-09-24 03:38:43,006 log 24552 21528 Not Found: /calendar/activities/3/delete/
WARNING 2025-09-24 03:38:43,007 basehttp 24552 21528 "DELETE /calendar/activities/3/delete/ HTTP/1.1" 404 15231
WARNING 2025-09-24 03:38:47,829 log 24552 13728 Not Found: /calendar/activities/3/delete/
WARNING 2025-09-24 03:38:47,829 basehttp 24552 13728 "DELETE /calendar/activities/3/delete/ HTTP/1.1" 404 15231
INFO 2025-09-24 03:38:54,775 basehttp 24552 13728 "GET /dep_calendar/ HTTP/1.1" 200 29086
INFO 2025-09-24 03:38:54,930 basehttp 24552 13728 "GET /calendar/activities/ HTTP/1.1" 200 123
INFO 2025-09-24 03:38:57,373 basehttp 24552 24228 "DELETE /calendar/activities/delete/3/ HTTP/1.1" 200 17
INFO 2025-09-24 03:44:41,152 basehttp 24552 29280 "POST /calendar/activities/add/ HTTP/1.1" 200 26
INFO 2025-09-24 03:44:44,859 basehttp 24552 29280 "GET /dep_dash/ HTTP/1.1" 200 37875
INFO 2025-09-24 03:44:47,445 basehttp 24552 28460 "GET /logout/ HTTP/1.1" 302 0
INFO 2025-09-24 03:44:47,451 basehttp 24552 28460 "GET / HTTP/1.1" 200 20309
INFO 2025-09-24 03:44:48,815 basehttp 24552 28460 "GET /login/ HTTP/1.1" 200 13472
INFO 2025-09-24 03:44:48,852 basehttp 24552 28460 "GET /static/img/Screenshot%202025-07-16%20024301.png HTTP/1.1" 304 0
INFO 2025-09-24 03:45:04,397 basehttp 24552 27660 "GET /admin/ HTTP/1.1" 302 0
INFO 2025-09-24 03:45:04,435 basehttp 24552 27660 "GET /admin/login/?next=/admin/ HTTP/1.1" 200 4174
INFO 2025-09-24 03:45:11,978 basehttp 24552 27876 "POST /admin/login/?next=/admin/ HTTP/1.1" 302 0
INFO 2025-09-24 03:45:12,002 basehttp 24552 27876 "GET /admin/ HTTP/1.1" 200 11098
INFO 2025-09-24 03:45:14,193 basehttp 24552 27876 "GET /admin/lesson/schoolregistration/ HTTP/1.1" 200 20720
INFO 2025-09-24 03:45:14,238 basehttp 24552 27876 "GET /admin/jsi18n/ HTTP/1.1" 200 3342
WARNING 2025-09-24 03:45:36,381 log 24552 17268 Forbidden (CSRF token from POST incorrect.): /login/
WARNING 2025-09-24 03:45:36,382 basehttp 24552 17268 "POST /login/ HTTP/1.1" 403 2503
INFO 2025-09-24 03:45:39,590 basehttp 24552 29168 "GET /login/ HTTP/1.1" 302 0
INFO 2025-09-24 03:45:39,659 basehttp 24552 29168 "GET /dashboard/ HTTP/1.1" 200 34349
INFO 2025-09-24 03:45:48,279 basehttp 24552 19944 "GET /schedule/ HTTP/1.1" 200 47845
INFO 2025-09-24 03:45:48,480 basehttp 24552 19944 "GET /api/schedules/ HTTP/1.1" 200 2
INFO 2025-09-24 03:45:48,788 basehttp 24552 19944 "GET /calendar/ HTTP/1.1" 200 44137
WARNING 2025-09-24 03:45:48,939 log 24552 19944 Not Found: /lessonlinkCalendar/activities/
WARNING 2025-09-24 03:45:48,940 basehttp 24552 19944 "GET /lessonlinkCalendar/activities/ HTTP/1.1" 404 14314
INFO 2025-09-24 03:46:47,808 basehttp 24552 27864 "GET /logout/ HTTP/1.1" 302 0
INFO 2025-09-24 03:46:47,811 basehttp 24552 27864 "GET / HTTP/1.1" 200 20309
INFO 2025-09-24 03:55:43,513 basehttp 24552 12436 "GET /login/ HTTP/1.1" 200 12813
INFO 2025-09-24 03:55:43,570 basehttp 24552 12436 "GET /static/img/Screenshot%202025-07-16%20024301.png HTTP/1.1" 304 0
INFO 2025-09-24 03:55:53,647 basehttp 24552 14308 "POST /login/ HTTP/1.1" 302 0
INFO 2025-09-24 03:55:53,665 basehttp 24552 14308 "GET /dep_dash/ HTTP/1.1" 200 37875
INFO 2025-09-24 03:55:56,551 basehttp 24552 14308 "GET /dep_calendar/ HTTP/1.1" 200 31610
INFO 2025-09-24 03:55:56,868 basehttp 24552 14308 "GET /calendar/activities/ HTTP/1.1" 200 125
INFO 2025-09-24 03:55:59,347 basehttp 24552 1552 "GET /dep_calendar/ HTTP/1.1" 200 31610
INFO 2025-09-24 03:55:59,528 basehttp 24552 1552 "GET /calendar/activities/ HTTP/1.1" 200 125
INFO 2025-09-24 03:56:00,078 basehttp 24552 1552 "GET /dep_calendar/ HTTP/1.1" 200 31610
INFO 2025-09-24 03:56:00,267 basehttp 24552 1552 "GET /calendar/activities/ HTTP/1.1" 200 125
INFO 2025-09-24 03:56:00,337 basehttp 24552 1552 "GET /dep_calendar/ HTTP/1.1" 200 31610
INFO 2025-09-24 03:56:00,518 basehttp 24552 1552 "GET /calendar/activities/ HTTP/1.1" 200 125
INFO 2025-09-24 03:56:00,628 basehttp 24552 1552 "GET /dep_calendar/ HTTP/1.1" 200 31610
INFO 2025-09-24 03:56:00,802 basehttp 24552 1552 "GET /calendar/activities/ HTTP/1.1" 200 125
INFO 2025-09-24 03:56:00,893 basehttp 24552 1552 "GET /dep_calendar/ HTTP/1.1" 200 31610
INFO 2025-09-24 03:56:01,066 basehttp 24552 1552 "GET /calendar/activities/ HTTP/1.1" 200 125
INFO 2025-09-24 03:56:01,170 basehttp 24552 1552 "GET /dep_calendar/ HTTP/1.1" 200 31610
INFO 2025-09-24 03:56:01,366 basehttp 24552 1552 "GET /calendar/activities/ HTTP/1.1" 200 125
INFO 2025-09-24 04:00:46,204 basehttp 24552 9372 "GET /dep_dash/ HTTP/1.1" 200 37875
INFO 2025-09-24 04:00:48,788 basehttp 24552 20972 "GET /dep_calendar/ HTTP/1.1" 200 31610
INFO 2025-09-24 04:00:49,070 basehttp 24552 20972 "GET /calendar/activities/ HTTP/1.1" 200 125
INFO 2025-09-24 04:00:49,372 basehttp 24552 20972 "GET /dep_dash/ HTTP/1.1" 200 37875
INFO 2025-09-24 04:10:06,429 autoreload 24552 29372 C:\xampp\htdocs\LESSONLINK-AN-AI-AUGMENTED-LESSON-PLANNING-AND-ORGANIZATION-TOOL-FOR-FACULTY-AND-PRE-SERVICE-TEACHE\Django\Lessonlink\lesson\views.py changed, reloading.
INFO 2025-09-24 04:10:08,584 autoreload 27260 11760 Watching for file changes with StatReloader
INFO 2025-09-24 04:11:47,479 autoreload 27260 11760 C:\xampp\htdocs\LESSONLINK-AN-AI-AUGMENTED-LESSON-PLANNING-AND-ORGANIZATION-TOOL-FOR-FACULTY-AND-PRE-SERVICE-TEACHE\Django\Lessonlink\lesson\views.py changed, reloading.
INFO 2025-09-24 04:11:48,945 autoreload 3064 24040 Watching for file changes with StatReloader
INFO 2025-09-24 04:13:52,358 autoreload 3064 24040 C:\xampp\htdocs\LESSONLINK-AN-AI-AUGMENTED-LESSON-PLANNING-AND-ORGANIZATION-TOOL-FOR-FACULTY-AND-PRE-SERVICE-TEACHE\Django\Lessonlink\lesson\urls.py changed, reloading.
INFO 2025-09-24 04:13:53,795 autoreload 28308 28200 Watching for file changes with StatReloader
INFO 2025-09-24 04:18:14,478 autoreload 28308 28200 C:\xampp\htdocs\LESSONLINK-AN-AI-AUGMENTED-LESSON-PLANNING-AND-ORGANIZATION-TOOL-FOR-FACULTY-AND-PRE-SERVICE-TEACHE\Django\Lessonlink\lesson\urls.py changed, reloading.
INFO 2025-09-24 04:18:16,084 autoreload 18540 14612 Watching for file changes with StatReloader
INFO 2025-09-24 04:19:01,986 autoreload 18540 14612 C:\xampp\htdocs\LESSONLINK-AN-AI-AUGMENTED-LESSON-PLANNING-AND-ORGANIZATION-TOOL-FOR-FACULTY-AND-PRE-SERVICE-TEACHE\Django\Lessonlink\lesson\urls.py changed, reloading.
INFO 2025-09-24 04:19:03,018 autoreload 14432 15428 Watching for file changes with StatReloader
INFO 2025-09-24 04:25:22,583 autoreload 14432 15428 C:\xampp\htdocs\LESSONLINK-AN-AI-AUGMENTED-LESSON-PLANNING-AND-ORGANIZATION-TOOL-FOR-FACULTY-AND-PRE-SERVICE-TEACHE\Django\Lessonlink\lesson\urls.py changed, reloading.
INFO 2025-09-24 04:25:23,817 autoreload 12264 22208 Watching for file changes with StatReloader
INFO 2025-09-24 04:27:50,940 basehttp 12264 5988 "GET /dep_calendar/ HTTP/1.1" 200 31610
INFO 2025-09-24 04:27:51,325 basehttp 12264 5988 "GET /calendar/activities/ HTTP/1.1" 200 125
INFO 2025-09-24 04:28:09,188 basehttp 12264 5988 "POST /calendar/activities/add/ HTTP/1.1" 200 26
INFO 2025-09-24 04:28:24,265 basehttp 12264 5988 "GET /dep_dash/ HTTP/1.1" 200 37875
INFO 2025-09-24 04:28:27,246 basehttp 12264 5988 "GET /logout/ HTTP/1.1" 302 0
INFO 2025-09-24 04:28:27,256 basehttp 12264 5988 "GET / HTTP/1.1" 200 20309
INFO 2025-09-24 04:28:28,809 basehttp 12264 5988 "GET /login/ HTTP/1.1" 200 13472
INFO 2025-09-24 04:28:28,856 basehttp 12264 5988 "GET /static/img/Screenshot%202025-07-16%20024301.png HTTP/1.1" 304 0
INFO 2025-09-24 04:29:02,634 basehttp 12264 5988 "GET /admin/lesson/schedule/ HTTP/1.1" 302 0
INFO 2025-09-24 04:29:02,676 basehttp 12264 5988 "GET /admin/login/?next=/admin/lesson/schedule/ HTTP/1.1" 200 4206
INFO 2025-09-24 04:29:12,079 basehttp 12264 5988 "POST /admin/login/?next=/admin/lesson/schedule/ HTTP/1.1" 302 0
INFO 2025-09-24 04:29:12,121 basehttp 12264 5988 "GET /admin/lesson/schedule/ HTTP/1.1" 200 12083
INFO 2025-09-24 04:29:12,188 basehttp 12264 5988 "GET /admin/jsi18n/ HTTP/1.1" 200 3342
INFO 2025-09-24 04:29:14,637 basehttp 12264 5988 "GET /admin/lesson/user/ HTTP/1.1" 200 19293
INFO 2025-09-24 04:29:14,688 basehttp 12264 5988 "GET /admin/jsi18n/ HTTP/1.1" 200 3342
INFO 2025-09-24 04:29:51,912 basehttp 12264 5988 "GET /registration_1/ HTTP/1.1" 200 26939
INFO 2025-09-24 04:30:01,352 basehttp 12264 5988 "POST /registration_1/ HTTP/1.1" 200 113
INFO 2025-09-24 04:30:05,210 basehttp 12264 5988 "POST /registration_1/ HTTP/1.1" 200 113
INFO 2025-09-24 04:30:07,888 basehttp 12264 5988 "POST /registration_1/ HTTP/1.1" 200 51
INFO 2025-09-24 04:30:25,488 basehttp 12264 5988 "POST /registration_1/ HTTP/1.1" 302 0
INFO 2025-09-24 04:30:25,512 basehttp 12264 5988 "GET /registration_2/ HTTP/1.1" 200 7967
INFO 2025-09-24 04:30:39,873 basehttp 12264 5988 "POST /registration_2/ HTTP/1.1" 302 0
INFO 2025-09-24 04:30:39,980 basehttp 12264 5988 "GET /registration_3/ HTTP/1.1" 200 11389
INFO 2025-09-24 04:30:50,203 basehttp 12264 5988 "POST /registration_3/ HTTP/1.1" 302 0
INFO 2025-09-24 04:30:50,297 basehttp 12264 5988 "GET /registration_4/ HTTP/1.1" 200 18798
INFO 2025-09-24 04:31:09,870 basehttp 12264 5988 "POST /registration_4/ HTTP/1.1" 302 0
INFO 2025-09-24 04:31:09,941 basehttp 12264 5988 "GET /dashboard/ HTTP/1.1" 200 34343
INFO 2025-09-24 04:31:11,685 basehttp 12264 5988 "GET /task/ HTTP/1.1" 200 49618
INFO 2025-09-24 04:31:12,032 basehttp 12264 5988 "GET /api/notifications/ HTTP/1.1" 200 21
INFO 2025-09-24 04:31:12,849 basehttp 12264 5988 "GET /schedule/ HTTP/1.1" 200 47850
INFO 2025-09-24 04:31:13,180 basehttp 12264 5988 "GET /api/schedules/ HTTP/1.1" 200 2
INFO 2025-09-24 04:31:13,757 basehttp 12264 5988 "GET /calendar-view/ HTTP/1.1" 200 43671
INFO 2025-09-24 04:31:17,880 basehttp 12264 5988 "GET /calendar-view/ HTTP/1.1" 200 43671
INFO 2025-09-24 04:31:18,455 basehttp 12264 5988 "GET /calendar-view/ HTTP/1.1" 200 43671
INFO 2025-09-24 04:31:19,020 basehttp 12264 5988 "GET /calendar-view/ HTTP/1.1" 200 43671
INFO 2025-09-24 04:31:19,303 basehttp 12264 5988 "GET /calendar-view/ HTTP/1.1" 200 43671
INFO 2025-09-24 04:31:33,261 basehttp 12264 5988 "GET /dashboard/ HTTP/1.1" 200 34343
INFO 2025-09-24 04:31:34,557 basehttp 12264 5988 "GET /dep_calendar/ HTTP/1.1" 200 25579
INFO 2025-09-24 04:31:34,803 basehttp 12264 5988 "GET /calendar/activities/ HTTP/1.1" 200 2
INFO 2025-09-24 04:31:52,374 basehttp 12264 5988 "GET /dep_dash/ HTTP/1.1" 302 0
INFO 2025-09-24 04:31:52,385 basehttp 12264 5988 "GET /login/ HTTP/1.1" 302 0
INFO 2025-09-24 04:31:52,406 basehttp 12264 5988 "GET /dashboard/ HTTP/1.1" 200 34343
INFO 2025-09-24 04:31:53,920 basehttp 12264 5988 "GET /dep_calendar/ HTTP/1.1" 200 25579
INFO 2025-09-24 04:31:54,184 basehttp 12264 5988 "GET /calendar/activities/ HTTP/1.1" 200 2
INFO 2025-09-24 04:31:55,756 basehttp 12264 5988 "GET /dep_dash/ HTTP/1.1" 302 0
INFO 2025-09-24 04:31:55,766 basehttp 12264 5988 "GET /login/ HTTP/1.1" 302 0
INFO 2025-09-24 04:31:55,791 basehttp 12264 5988 "GET /dashboard/ HTTP/1.1" 200 34343
INFO 2025-09-24 04:31:57,021 basehttp 12264 5988 "GET /dep_calendar/ HTTP/1.1" 200 25579
INFO 2025-09-24 04:31:57,307 basehttp 12264 5988 "GET /calendar/activities/ HTTP/1.1" 200 2
INFO 2025-09-24 04:31:58,115 basehttp 12264 5988 "GET /dep_dash/ HTTP/1.1" 302 0
INFO 2025-09-24 04:31:58,126 basehttp 12264 5988 "GET /login/ HTTP/1.1" 302 0
INFO 2025-09-24 04:31:58,144 basehttp 12264 5988 "GET /dashboard/ HTTP/1.1" 200 34343
INFO 2025-09-24 04:31:59,359 basehttp 12264 5988 "GET /dep_calendar/ HTTP/1.1" 200 25579
INFO 2025-09-24 04:31:59,636 basehttp 12264 5988 "GET /calendar/activities/ HTTP/1.1" 200 2
INFO 2025-09-24 04:32:32,120 basehttp 12264 5988 "GET /dep_dash/ HTTP/1.1" 302 0
INFO 2025-09-24 04:32:32,128 basehttp 12264 5988 "GET /login/ HTTP/1.1" 302 0
INFO 2025-09-24 04:32:32,152 basehttp 12264 5988 "GET /dashboard/ HTTP/1.1" 200 34343
INFO 2025-09-24 04:32:38,681 basehttp 12264 5988 "GET /logout/ HTTP/1.1" 302 0
INFO 2025-09-24 04:32:38,688 basehttp 12264 5988 "GET / HTTP/1.1" 200 20309
INFO 2025-09-24 04:32:39,955 basehttp 12264 5988 "GET /login/ HTTP/1.1" 200 16242
INFO 2025-09-24 04:32:46,886 basehttp 12264 5988 "POST /login/ HTTP/1.1" 302 0
INFO 2025-09-24 04:32:46,903 basehttp 12264 5988 "GET /dep_dash/ HTTP/1.1" 200 37875
INFO 2025-09-24 04:32:48,622 basehttp 12264 5988 "GET /dep_calendar/ HTTP/1.1" 200 31610
INFO 2025-09-24 04:32:48,945 basehttp 12264 5988 "GET /calendar/activities/ HTTP/1.1" 200 249
INFO 2025-09-24 04:36:53,342 autoreload 12264 22208 C:\xampp\htdocs\LESSONLINK-AN-AI-AUGMENTED-LESSON-PLANNING-AND-ORGANIZATION-TOOL-FOR-FACULTY-AND-PRE-SERVICE-TEACHE\Django\Lessonlink\lessonlinkCalendar\views.py changed, reloading.
INFO 2025-09-24 04:36:55,027 autoreload 28564 29136 Watching for file changes with StatReloader
INFO 2025-09-24 04:37:01,532 basehttp 28564 6276 "GET /dep_calendar/ HTTP/1.1" 200 31610
INFO 2025-09-24 04:37:01,893 basehttp 28564 6276 "GET /calendar/activities/ HTTP/1.1" 200 283
INFO 2025-09-24 04:37:26,002 basehttp 28564 14012 "GET /dep_dash/ HTTP/1.1" 200 37875
INFO 2025-09-24 04:37:27,841 basehttp 28564 14012 "GET /logout/ HTTP/1.1" 302 0
INFO 2025-09-24 04:37:27,849 basehttp 28564 14012 "GET / HTTP/1.1" 200 20309
INFO 2025-09-24 04:37:29,189 basehttp 28564 14012 "GET /login/ HTTP/1.1" 200 13472
INFO 2025-09-24 04:37:29,237 basehttp 28564 14012 "GET /static/img/Screenshot%202025-07-16%20024301.png HTTP/1.1" 304 0
INFO 2025-09-24 04:37:38,757 basehttp 28564 14012 "POST /login/ HTTP/1.1" 302 0
INFO 2025-09-24 04:37:38,778 basehttp 28564 14012 "GET /dashboard/ HTTP/1.1" 200 34343
INFO 2025-09-24 04:37:42,389 basehttp 28564 14012 "GET /schedule/ HTTP/1.1" 200 47850
INFO 2025-09-24 04:37:42,602 basehttp 28564 14012 "GET /api/schedules/ HTTP/1.1" 200 2
INFO 2025-09-24 04:37:45,089 basehttp 28564 14012 "GET /calendar-view/ HTTP/1.1" 200 43671
INFO 2025-09-24 04:37:50,208 basehttp 28564 14012 "GET /dashboard/ HTTP/1.1" 200 34343
INFO 2025-09-24 04:37:52,649 basehttp 28564 14012 "GET /dep_calendar/ HTTP/1.1" 200 25579
INFO 2025-09-24 04:37:52,915 basehttp 28564 14012 "GET /calendar/activities/ HTTP/1.1" 200 283
INFO 2025-09-24 04:38:13,273 basehttp 28564 14012 "GET /dep_dash/ HTTP/1.1" 302 0
INFO 2025-09-24 04:38:13,284 basehttp 28564 14012 "GET /login/ HTTP/1.1" 302 0
INFO 2025-09-24 04:38:13,306 basehttp 28564 14012 "GET /dashboard/ HTTP/1.1" 200 34343
INFO 2025-09-24 04:38:16,491 basehttp 28564 14012 "GET /dep_calendar/ HTTP/1.1" 200 25579
INFO 2025-09-24 04:38:16,811 basehttp 28564 14012 "GET /calendar/activities/ HTTP/1.1" 200 283
INFO 2025-09-24 04:39:29,248 basehttp 28564 14012 "GET /dep_dash/ HTTP/1.1" 302 0
INFO 2025-09-24 04:39:29,262 basehttp 28564 14012 "GET /login/ HTTP/1.1" 302 0
INFO 2025-09-24 04:39:29,284 basehttp 28564 14012 "GET /dashboard/ HTTP/1.1" 200 34343
INFO 2025-09-24 04:39:31,853 basehttp 28564 14012 "GET /logout/ HTTP/1.1" 302 0
INFO 2025-09-24 04:39:31,861 basehttp 28564 14012 "GET / HTTP/1.1" 200 20309
INFO 2025-09-24 04:39:37,213 basehttp 28564 14012 "GET /registration_1/ HTTP/1.1" 200 30211
INFO 2025-09-24 04:39:43,707 basehttp 28564 14012 "POST /registration_1/ HTTP/1.1" 200 51
INFO 2025-09-24 04:40:00,319 basehttp 28564 14012 "POST /registration_1/ HTTP/1.1" 302 0
INFO 2025-09-24 04:40:00,336 basehttp 28564 14012 "GET /registration_2/ HTTP/1.1" 200 7967
INFO 2025-09-24 04:40:22,010 basehttp 28564 14012 "POST /registration_2/ HTTP/1.1" 302 0
INFO 2025-09-24 04:40:22,028 basehttp 28564 14012 "GET /registration_3/ HTTP/1.1" 200 11389
INFO 2025-09-24 04:41:18,568 basehttp 28564 14012 "GET /logout/ HTTP/1.1" 302 0
INFO 2025-09-24 04:41:18,573 basehttp 28564 14012 "GET / HTTP/1.1" 200 20309
INFO 2025-09-24 04:41:19,749 basehttp 28564 14012 "GET /login/ HTTP/1.1" 200 14168
INFO 2025-09-24 04:41:30,029 basehttp 28564 14012 "POST /login/ HTTP/1.1" 302 0
INFO 2025-09-24 04:41:30,046 basehttp 28564 14012 "GET /dashboard/ HTTP/1.1" 200 34319
INFO 2025-09-24 04:41:38,287 basehttp 28564 14012 "GET /dep_calendar/ HTTP/1.1" 200 25579
INFO 2025-09-24 04:41:38,630 basehttp 28564 14012 "GET /calendar/activities/ HTTP/1.1" 200 2
INFO 2025-09-24 04:43:34,733 basehttp 28564 14012 "GET /admin_dashboard HTTP/1.1" 301 0
INFO 2025-09-24 04:43:34,850 basehttp 28564 18884 "GET /admin_dashboard/ HTTP/1.1" 200 37278
INFO 2025-09-24 04:43:42,371 basehttp 28564 18884 "GET /admin_dashboard/ HTTP/1.1" 200 37278
INFO 2025-09-24 04:46:33,663 basehttp 28564 21824 "GET /dep_dash/ HTTP/1.1" 302 0
INFO 2025-09-24 04:46:33,668 basehttp 28564 21824 "GET /login/?next=/dep_dash/ HTTP/1.1" 200 12791
INFO 2025-09-24 04:46:33,731 basehttp 28564 21824 "GET /static/img/Screenshot%202025-07-16%20024301.png HTTP/1.1" 304 0
INFO 2025-09-24 04:47:01,106 basehttp 28564 21824 "GET /admin_dashboard/ HTTP/1.1" 200 37278
